Tue Dec 24 2024 17:21:44 [SERVER-NAME] error: globalErrorHandler ~ Subscription validation failed: feature: Cast to string failed for value "{
  subscription_date: '2024-01-01',
  subscription_end_date: '2024-02-01',
  subscription_status: 'inactive',
  subscription_details: 'No subscription details available'
}" (type Object) at path "feature", tier: Path `tier` is required.
Tue Dec 24 2024 17:29:1 [SERVER-NAME] error: globalErrorHandler ~ Subscription validation failed: feature: Cast to string failed for value "{
  subscription_date: '2024-01-01',
  subscription_end_date: '2024-02-01',
  subscription_status: 'inactive',
  subscription_details: 'No subscription details available'
}" (type Object) at path "feature", tier: Path `tier` is required.
Tue Dec 24 2024 17:29:45 [SERVER-NAME] error: globalErrorHandler ~ Subscription validation failed: feature: Cast to string failed for value "{
  subscription_date: '2024-01-01',
  subscription_end_date: '2024-02-01',
  subscription_status: 'inactive',
  subscription_details: 'No subscription details available'
}" (type Object) at path "feature"
Tue Dec 24 2024 17:35:18 [SERVER-NAME] error: globalErrorHandler ~ Subscription validation failed: feature: Cast to string failed for value "{
  subscription_date: '2024-01-01',
  subscription_end_date: '2024-02-01',
  subscription_status: 'inactive',
  subscription_details: 'No subscription details available'
}" (type Object) at path "feature"
Tue Dec 24 2024 17:36:12 [SERVER-NAME] error: globalErrorHandler ~ Subscription validation failed: feature: Cast to string failed for value "{
  subscription_date: '2024-01-01',
  subscription_end_date: '2024-02-01',
  subscription_status: 'inactive',
  subscription_details: 'No subscription details available'
}" (type Object) at path "feature"
