Tue Dec 24 2024 16:25:41 [SERVER-NAME] error: globalErrorHandler ~ No recipients defined
Tue Dec 24 2024 16:27:19 [SERVER-NAME] error: globalErrorHandler ~ Subscription validation failed: feature: Cast to string failed for value "{
  subscription_date: '1970-01-01',
  subscription_end_date: '1970-01-01',
  subscription_status: 'inactive',
  subscription_details: 'No subscription details available'
}" (type Object) at path "feature", tier: Path `tier` is required.
Tue Dec 24 2024 16:28:9 [SERVER-NAME] error: globalErrorHandler ~ Subscription validation failed: feature: Cast to string failed for value "{
  subscription_date: '1970-01-01',
  subscription_end_date: '1970-01-01',
  subscription_status: 'inactive',
  subscription_details: 'No subscription details available'
}" (type Object) at path "feature", tier: Path `tier` is required.
Tue Dec 24 2024 16:28:10 [SERVER-NAME] error: globalErrorHandler ~ Subscription validation failed: feature: Cast to string failed for value "{
  subscription_date: '1970-01-01',
  subscription_end_date: '1970-01-01',
  subscription_status: 'inactive',
  subscription_details: 'No subscription details available'
}" (type Object) at path "feature", tier: Path `tier` is required.
Tue Dec 24 2024 16:29:17 [SERVER-NAME] error: globalErrorHandler ~ Expected double-quoted property name in JSON at position 81 (line 6 column 1)
Tue Dec 24 2024 16:29:24 [SERVER-NAME] error: globalErrorHandler ~ Subscription validation failed: feature: Cast to string failed for value "{
  subscription_date: '1970-01-01',
  subscription_end_date: '1970-01-01',
  subscription_status: 'inactive',
  subscription_details: 'No subscription details available'
}" (type Object) at path "feature", tier: Path `tier` is required.
Tue Dec 24 2024 16:31:55 [SERVER-NAME] error: globalErrorHandler ~ Subscription validation failed: feature: Cast to string failed for value "{
  subscription_date: '1970-01-01',
  subscription_end_date: '1970-01-01',
  subscription_status: 'inactive',
  subscription_details: 'No subscription details available'
}" (type Object) at path "feature", tier: Path `tier` is required.
Tue Dec 24 2024 16:33:40 [SERVER-NAME] error: globalErrorHandler ~ Subscription validation failed: feature: Cast to string failed for value "{
  subscription_date: '1970-01-01',
  subscription_end_date: '1970-01-01',
  subscription_status: 'inactive',
  subscription_details: 'No subscription details available'
}" (type Object) at path "feature", tier: Path `tier` is required.
Tue Dec 24 2024 16:37:22 [SERVER-NAME] error: globalErrorHandler ~ Subscription validation failed: feature: Cast to string failed for value "{
  subscription_date: '1970-01-01',
  subscription_end_date: '1970-01-01',
  subscription_status: 'inactive',
  subscription_details: 'No subscription details available'
}" (type Object) at path "feature", tier: Path `tier` is required.
Tue Dec 24 2024 16:40:15 [SERVER-NAME] error: globalErrorHandler ~ Subscription validation failed: feature: Cast to string failed for value "{
  subscription_date: '1970-01-01',
  subscription_end_date: '1970-02-01',
  subscription_status: 'inactive',
  subscription_details: 'No subscription details available'
}" (type Object) at path "feature", tier: Path `tier` is required.
Tue Dec 24 2024 16:41:6 [SERVER-NAME] error: globalErrorHandler ~ Subscription validation failed: feature: Cast to string failed for value "{
  subscription_date: '2024-01-01',
  subscription_end_date: '2024-02-01',
  subscription_status: 'inactive',
  subscription_details: 'No subscription details available'
}" (type Object) at path "feature", tier: Path `tier` is required.
Tue Dec 24 2024 16:42:21 [SERVER-NAME] error: globalErrorHandler ~ Subscription validation failed: feature: Cast to string failed for value "{
  subscription_date: '2024-01-01',
  subscription_end_date: '2024-02-01',
  subscription_status: 'inactive',
  subscription_details: 'No subscription details available'
}" (type Object) at path "feature", tier: Path `tier` is required.
Tue Dec 24 2024 16:50:45 [SERVER-NAME] error: globalErrorHandler ~ Subscription validation failed: feature: Cast to string failed for value "{
  subscription_date: '2024-01-01',
  subscription_end_date: '2024-02-01',
  subscription_status: 'inactive',
  subscription_details: 'No subscription details available'
}" (type Object) at path "feature", tier: Path `tier` is required.
Tue Dec 24 2024 16:51:28 [SERVER-NAME] error: globalErrorHandler ~ Subscription validation failed: feature: Cast to string failed for value "{
  subscription_date: '2024-01-01',
  subscription_end_date: '2024-02-01',
  subscription_status: 'inactive',
  subscription_details: 'No subscription details available'
}" (type Object) at path "feature", tier: Path `tier` is required.
Tue Dec 24 2024 16:51:44 [SERVER-NAME] error: globalErrorHandler ~ Subscription validation failed: feature: Cast to string failed for value "{
  subscription_date: '2024-01-01',
  subscription_end_date: '2024-02-01',
  subscription_status: 'inactive',
  subscription_details: 'No subscription details available'
}" (type Object) at path "feature", tier: Path `tier` is required.
Tue Dec 24 2024 16:51:52 [SERVER-NAME] error: globalErrorHandler ~ Subscription validation failed: feature: Cast to string failed for value "{
  subscription_date: '2024-01-01',
  subscription_end_date: '2024-02-01',
  subscription_status: 'inactive',
  subscription_details: 'No subscription details available'
}" (type Object) at path "feature", tier: Path `tier` is required.
Tue Dec 24 2024 16:51:55 [SERVER-NAME] error: globalErrorHandler ~ No recipients defined
Tue Dec 24 2024 16:52:33 [SERVER-NAME] error: globalErrorHandler ~ Subscription validation failed: feature: Cast to string failed for value "{
  subscription_date: '2024-01-01',
  subscription_end_date: '2024-02-01',
  subscription_status: 'inactive',
  subscription_details: 'No subscription details available'
}" (type Object) at path "feature", tier: Path `tier` is required.
Tue Dec 24 2024 16:53:48 [SERVER-NAME] error: globalErrorHandler ~ No recipients defined
Tue Dec 24 2024 16:54:57 [SERVER-NAME] error: globalErrorHandler ~ No recipients defined
